<?xml version="1.0" encoding="UTF-8"?>
<testng-results skipped="0" failed="0" ignored="0" total="10" passed="10">
  <reporter-output>
  </reporter-output>
  <suite name="Default suite" duration-ms="88" started-at="2022-09-29T20:11:21Z" finished-at="2022-09-29T20:11:22Z">
    <groups>
    </groups>
    <test name="Default test" duration-ms="88" started-at="2022-09-29T20:11:21Z" finished-at="2022-09-29T20:11:22Z">
      <class name="testNGSession.InvocationCountConcept">
        <test-method status="PASS" signature="paymentTest()[pri:0, instance:testNGSession.InvocationCountConcept@501edcf1]" name="paymentTest" duration-ms="17" started-at="2022-09-29T20:11:21Z" finished-at="2022-09-29T20:11:21Z">
          <reporter-output>
          </reporter-output>
        </test-method> <!-- paymentTest -->
        <test-method status="PASS" signature="paymentTest()[pri:0, instance:testNGSession.InvocationCountConcept@501edcf1]" name="paymentTest" duration-ms="1" started-at="2022-09-29T20:11:21Z" finished-at="2022-09-29T20:11:21Z">
          <reporter-output>
          </reporter-output>
        </test-method> <!-- paymentTest -->
        <test-method status="PASS" signature="paymentTest()[pri:0, instance:testNGSession.InvocationCountConcept@501edcf1]" name="paymentTest" duration-ms="1" started-at="2022-09-29T20:11:21Z" finished-at="2022-09-29T20:11:21Z">
          <reporter-output>
          </reporter-output>
        </test-method> <!-- paymentTest -->
        <test-method status="PASS" signature="paymentTest()[pri:0, instance:testNGSession.InvocationCountConcept@501edcf1]" name="paymentTest" duration-ms="2" started-at="2022-09-29T20:11:21Z" finished-at="2022-09-29T20:11:21Z">
          <reporter-output>
          </reporter-output>
        </test-method> <!-- paymentTest -->
        <test-method status="PASS" signature="paymentTest()[pri:0, instance:testNGSession.InvocationCountConcept@501edcf1]" name="paymentTest" duration-ms="1" started-at="2022-09-29T20:11:21Z" finished-at="2022-09-29T20:11:21Z">
          <reporter-output>
          </reporter-output>
        </test-method> <!-- paymentTest -->
        <test-method status="PASS" signature="paymentTest()[pri:0, instance:testNGSession.InvocationCountConcept@501edcf1]" name="paymentTest" duration-ms="2" started-at="2022-09-29T20:11:21Z" finished-at="2022-09-29T20:11:21Z">
          <reporter-output>
          </reporter-output>
        </test-method> <!-- paymentTest -->
        <test-method status="PASS" signature="paymentTest()[pri:0, instance:testNGSession.InvocationCountConcept@501edcf1]" name="paymentTest" duration-ms="3" started-at="2022-09-29T20:11:22Z" finished-at="2022-09-29T20:11:22Z">
          <reporter-output>
          </reporter-output>
        </test-method> <!-- paymentTest -->
        <test-method status="PASS" signature="paymentTest()[pri:0, instance:testNGSession.InvocationCountConcept@501edcf1]" name="paymentTest" duration-ms="1" started-at="2022-09-29T20:11:22Z" finished-at="2022-09-29T20:11:22Z">
          <reporter-output>
          </reporter-output>
        </test-method> <!-- paymentTest -->
        <test-method status="PASS" signature="paymentTest()[pri:0, instance:testNGSession.InvocationCountConcept@501edcf1]" name="paymentTest" duration-ms="3" started-at="2022-09-29T20:11:22Z" finished-at="2022-09-29T20:11:22Z">
          <reporter-output>
          </reporter-output>
        </test-method> <!-- paymentTest -->
        <test-method status="PASS" signature="paymentTest()[pri:0, instance:testNGSession.InvocationCountConcept@501edcf1]" name="paymentTest" duration-ms="0" started-at="2022-09-29T20:11:22Z" finished-at="2022-09-29T20:11:22Z">
          <reporter-output>
          </reporter-output>
        </test-method> <!-- paymentTest -->
      </class> <!-- testNGSession.InvocationCountConcept -->
    </test> <!-- Default test -->
  </suite> <!-- Default suite -->
</testng-results>
